<?xml version="1.0" encoding="UTF-8"?>
<testsuite name="example.TestHelloSpark" tests="1" skipped="0" failures="0" errors="0" timestamp="2023-11-10T09:38:15" hostname="PCB-MNI" time="14.849">
  <properties/>
  <testcase name="shouldGETonPathHello()" classname="example.TestHelloSpark" time="14.849"/>
  <system-out><![CDATA[** ROOT: <H2>Hello to you GOLF</H2>
]]></system-out>
  <system-err><![CDATA[SLF4J: Failed to load class "org.slf4j.impl.StaticLoggerBinder".
SLF4J: Defaulting to no-operation (NOP) logger implementation
SLF4J: See http://www.slf4j.org/codes.html#StaticLoggerBinder for further details.
SLF4J: Failed to load class "org.slf4j.impl.StaticMDCBinder".
SLF4J: Defaulting to no-operation MDCAdapter implementation.
SLF4J: See http://www.slf4j.org/codes.html#no_static_mdc_binder for further details.
]]></system-err>
</testsuite>
